  CCore.cpp
C:\Users\a9018\Desktop\WindowsAPIStudy\Client\struct.h(19,14): warning C4244: 'return': 'double'에서 'float'(으)로 변환하면서 데이터가 손실될 수 있습니다.
  (소스 파일 'CCore.cpp'을(를) 컴파일하는 중)
  
  CCurveMissile.cpp
C:\Users\a9018\Desktop\WindowsAPIStudy\Client\struct.h(19,14): warning C4244: 'return': 'double'에서 'float'(으)로 변환하면서 데이터가 손실될 수 있습니다.
  (소스 파일 'CCurveMissile.cpp'을(를) 컴파일하는 중)
  
C:\Users\a9018\Desktop\WindowsAPIStudy\Client\CCurveMissile.cpp(25,19): warning C4244: '+=': 'double'에서 'float'(으)로 변환하면서 데이터가 손실될 수 있습니다.
C:\Users\a9018\Desktop\WindowsAPIStudy\Client\CCurveMissile.cpp(27,35): warning C4244: '+=': 'double'에서 'float'(으)로 변환하면서 데이터가 손실될 수 있습니다.
  CDegreeMissile.cpp
C:\Users\a9018\Desktop\WindowsAPIStudy\Client\struct.h(19,14): warning C4244: 'return': 'double'에서 'float'(으)로 변환하면서 데이터가 손실될 수 있습니다.
  (소스 파일 'CDegreeMissile.cpp'을(를) 컴파일하는 중)
  
C:\Users\a9018\Desktop\WindowsAPIStudy\Client\CDegreeMissile.cpp(26,24): warning C4244: '+=': 'double'에서 'float'(으)로 변환하면서 데이터가 손실될 수 있습니다.
C:\Users\a9018\Desktop\WindowsAPIStudy\Client\CDegreeMissile.cpp(27,35): warning C4244: '+=': 'double'에서 'float'(으)로 변환하면서 데이터가 손실될 수 있습니다.
  CKeyManager.cpp
C:\Users\a9018\Desktop\WindowsAPIStudy\Client\struct.h(19,14): warning C4244: 'return': 'double'에서 'float'(으)로 변환하면서 데이터가 손실될 수 있습니다.
  (소스 파일 'CKeyManager.cpp'을(를) 컴파일하는 중)
  
  CMissile.cpp
C:\Users\a9018\Desktop\WindowsAPIStudy\Client\struct.h(19,14): warning C4244: 'return': 'double'에서 'float'(으)로 변환하면서 데이터가 손실될 수 있습니다.
  (소스 파일 'CMissile.cpp'을(를) 컴파일하는 중)
  
C:\Users\a9018\Desktop\WindowsAPIStudy\Client\CMissile.cpp(19,27): warning C4244: '+=': 'double'에서 'float'(으)로 변환하면서 데이터가 손실될 수 있습니다.
  CMonster.cpp
C:\Users\a9018\Desktop\WindowsAPIStudy\Client\struct.h(19,14): warning C4244: 'return': 'double'에서 'float'(으)로 변환하면서 데이터가 손실될 수 있습니다.
  (소스 파일 'CMonster.cpp'을(를) 컴파일하는 중)
  
C:\Users\a9018\Desktop\WindowsAPIStudy\Client\CMonster.cpp(21,33): warning C4244: '+=': 'double'에서 'float'(으)로 변환하면서 데이터가 손실될 수 있습니다.
  CObject.cpp
C:\Users\a9018\Desktop\WindowsAPIStudy\Client\struct.h(19,14): warning C4244: 'return': 'double'에서 'float'(으)로 변환하면서 데이터가 손실될 수 있습니다.
  (소스 파일 'CObject.cpp'을(를) 컴파일하는 중)
  
  CPathManager.cpp
C:\Users\a9018\Desktop\WindowsAPIStudy\Client\struct.h(19,14): warning C4244: 'return': 'double'에서 'float'(으)로 변환하면서 데이터가 손실될 수 있습니다.
  (소스 파일 'CPathManager.cpp'을(를) 컴파일하는 중)
  
C:\Users\a9018\Desktop\WindowsAPIStudy\Client\CPathManager.cpp(21,11): warning C4267: '초기화 중': 'size_t'에서 'int'(으)로 변환하면서 데이터가 손실될 수 있습니다.
  CPlayer.cpp
C:\Users\a9018\Desktop\WindowsAPIStudy\Client\struct.h(19,14): warning C4244: 'return': 'double'에서 'float'(으)로 변환하면서 데이터가 손실될 수 있습니다.
  (소스 파일 'CPlayer.cpp'을(를) 컴파일하는 중)
  
C:\Users\a9018\Desktop\WindowsAPIStudy\Client\CPlayer.cpp(40,19): warning C4244: '-=': 'double'에서 'float'(으)로 변환하면서 데이터가 손실될 수 있습니다.
C:\Users\a9018\Desktop\WindowsAPIStudy\Client\CPlayer.cpp(44,19): warning C4244: '+=': 'double'에서 'float'(으)로 변환하면서 데이터가 손실될 수 있습니다.
C:\Users\a9018\Desktop\WindowsAPIStudy\Client\CPlayer.cpp(48,19): warning C4244: '-=': 'double'에서 'float'(으)로 변환하면서 데이터가 손실될 수 있습니다.
C:\Users\a9018\Desktop\WindowsAPIStudy\Client\CPlayer.cpp(52,19): warning C4244: '+=': 'double'에서 'float'(으)로 변환하면서 데이터가 손실될 수 있습니다.
C:\Users\a9018\Desktop\WindowsAPIStudy\Client\CPlayer.cpp(80,12): warning C4244: '인수': 'float'에서 'int'(으)로 변환하면서 데이터가 손실될 수 있습니다.
C:\Users\a9018\Desktop\WindowsAPIStudy\Client\CPlayer.cpp(79,12): warning C4244: '인수': 'float'에서 'int'(으)로 변환하면서 데이터가 손실될 수 있습니다.
  CRes.cpp
C:\Users\a9018\Desktop\WindowsAPIStudy\Client\struct.h(19,14): warning C4244: 'return': 'double'에서 'float'(으)로 변환하면서 데이터가 손실될 수 있습니다.
  (소스 파일 'CRes.cpp'을(를) 컴파일하는 중)
  
  CScene.cpp
C:\Users\a9018\Desktop\WindowsAPIStudy\Client\struct.h(19,14): warning C4244: 'return': 'double'에서 'float'(으)로 변환하면서 데이터가 손실될 수 있습니다.
  (소스 파일 'CScene.cpp'을(를) 컴파일하는 중)
  
  CSceneManager.cpp
C:\Users\a9018\Desktop\WindowsAPIStudy\Client\struct.h(19,14): warning C4244: 'return': 'double'에서 'float'(으)로 변환하면서 데이터가 손실될 수 있습니다.
  (소스 파일 'CSceneManager.cpp'을(를) 컴파일하는 중)
  
  CScene_Start.cpp
C:\Users\a9018\Desktop\WindowsAPIStudy\Client\struct.h(19,14): warning C4244: 'return': 'double'에서 'float'(으)로 변환하면서 데이터가 손실될 수 있습니다.
  (소스 파일 'CScene_Start.cpp'을(를) 컴파일하는 중)
  
  CSound.cpp
C:\Users\a9018\Desktop\WindowsAPIStudy\Client\struct.h(19,14): warning C4244: 'return': 'double'에서 'float'(으)로 변환하면서 데이터가 손실될 수 있습니다.
  (소스 파일 'CSound.cpp'을(를) 컴파일하는 중)
  
  CTexture.cpp
C:\Users\a9018\Desktop\WindowsAPIStudy\Client\struct.h(19,14): warning C4244: 'return': 'double'에서 'float'(으)로 변환하면서 데이터가 손실될 수 있습니다.
  (소스 파일 'CTexture.cpp'을(를) 컴파일하는 중)
  
  CTimeManager.cpp
C:\Users\a9018\Desktop\WindowsAPIStudy\Client\struct.h(19,14): warning C4244: 'return': 'double'에서 'float'(으)로 변환하면서 데이터가 손실될 수 있습니다.
  (소스 파일 'CTimeManager.cpp'을(를) 컴파일하는 중)
  
  Client.cpp
C:\Users\a9018\Desktop\WindowsAPIStudy\Client\struct.h(19,14): warning C4244: 'return': 'double'에서 'float'(으)로 변환하면서 데이터가 손실될 수 있습니다.
  (소스 파일 'Client.cpp'을(를) 컴파일하는 중)
  
  Client.vcxproj -> C:\Users\a9018\Desktop\WindowsAPIStudy\Output\bin_debug\Client.exe
